{"/Users/benpak/HackReactor/products-api/server/db.js": {"path":"/Users/benpak/HackReactor/products-api/server/db.js","statementMap":{"0":{"start":{"line":1,"column":0},"end":{"line":1,"column":27}},"1":{"start":{"line":2,"column":17},"end":{"line":2,"column":30}},"2":{"start":{"line":4,"column":13},"end":{"line":10,"column":2}},"3":{"start":{"line":15,"column":18},"end":{"line":17,"column":1}},"4":{"start":{"line":16,"column":2},"end":{"line":16,"column":13}},"5":{"start":{"line":19,"column":0},"end":{"line":19,"column":27}},"6":{"start":{"line":20,"column":0},"end":{"line":20,"column":37}}},"fnMap":{"0":{"name":"(anonymous_0)","decl":{"start":{"line":15,"column":18},"end":{"line":15,"column":19}},"loc":{"start":{"line":15,"column":24},"end":{"line":17,"column":1}},"line":15}},"branchMap":{},"s":{"0":1,"1":1,"2":1,"3":1,"4":1,"5":1,"6":1},"f":{"0":1},"b":{},"_coverageSchema":"1a1c01bbd47fc00a2c39e90264f33305004495a9","hash":"c6f5a7a8d1c9f6c54d6ad6dc6cf5e566650cd3d1"}
,"/Users/benpak/HackReactor/products-api/server/controllers/products.js": {"path":"/Users/benpak/HackReactor/products-api/server/controllers/products.js","statementMap":{"0":{"start":{"line":1,"column":17},"end":{"line":1,"column":33}},"1":{"start":{"line":3,"column":0},"end":{"line":80,"column":1}},"2":{"start":{"line":5,"column":18},"end":{"line":5,"column":38}},"3":{"start":{"line":6,"column":17},"end":{"line":6,"column":36}},"4":{"start":{"line":7,"column":21},"end":{"line":7,"column":86}},"5":{"start":{"line":8,"column":4},"end":{"line":13,"column":9}},"6":{"start":{"line":9,"column":25},"end":{"line":9,"column":59}},"7":{"start":{"line":11,"column":8},"end":{"line":11,"column":74}},"8":{"start":{"line":12,"column":8},"end":{"line":12,"column":28}},"9":{"start":{"line":17,"column":22},"end":{"line":17,"column":43}},"10":{"start":{"line":18,"column":26},"end":{"line":26,"column":21}},"11":{"start":{"line":27,"column":4},"end":{"line":32,"column":9}},"12":{"start":{"line":28,"column":24},"end":{"line":28,"column":60}},"13":{"start":{"line":30,"column":8},"end":{"line":30,"column":81}},"14":{"start":{"line":31,"column":8},"end":{"line":31,"column":28}},"15":{"start":{"line":36,"column":22},"end":{"line":36,"column":43}},"16":{"start":{"line":37,"column":26},"end":{"line":58,"column":45}},"17":{"start":{"line":59,"column":4},"end":{"line":64,"column":9}},"18":{"start":{"line":60,"column":24},"end":{"line":60,"column":92}},"19":{"start":{"line":62,"column":8},"end":{"line":62,"column":78}},"20":{"start":{"line":63,"column":8},"end":{"line":63,"column":28}},"21":{"start":{"line":68,"column":22},"end":{"line":68,"column":43}},"22":{"start":{"line":69,"column":26},"end":{"line":69,"column":134}},"23":{"start":{"line":70,"column":4},"end":{"line":78,"column":9}},"24":{"start":{"line":72,"column":27},"end":{"line":72,"column":87}},"25":{"start":{"line":72,"column":58},"end":{"line":72,"column":86}},"26":{"start":{"line":73,"column":8},"end":{"line":73,"column":41}},"27":{"start":{"line":76,"column":8},"end":{"line":76,"column":80}},"28":{"start":{"line":77,"column":8},"end":{"line":77,"column":28}}},"fnMap":{"0":{"name":"(anonymous_0)","decl":{"start":{"line":4,"column":15},"end":{"line":4,"column":16}},"loc":{"start":{"line":4,"column":29},"end":{"line":14,"column":3}},"line":4},"1":{"name":"(anonymous_1)","decl":{"start":{"line":9,"column":12},"end":{"line":9,"column":13}},"loc":{"start":{"line":9,"column":25},"end":{"line":9,"column":59}},"line":9},"2":{"name":"(anonymous_2)","decl":{"start":{"line":10,"column":13},"end":{"line":10,"column":14}},"loc":{"start":{"line":10,"column":22},"end":{"line":13,"column":7}},"line":10},"3":{"name":"(anonymous_3)","decl":{"start":{"line":16,"column":18},"end":{"line":16,"column":19}},"loc":{"start":{"line":16,"column":32},"end":{"line":33,"column":3}},"line":16},"4":{"name":"(anonymous_4)","decl":{"start":{"line":28,"column":12},"end":{"line":28,"column":13}},"loc":{"start":{"line":28,"column":24},"end":{"line":28,"column":60}},"line":28},"5":{"name":"(anonymous_5)","decl":{"start":{"line":29,"column":13},"end":{"line":29,"column":14}},"loc":{"start":{"line":29,"column":22},"end":{"line":32,"column":7}},"line":29},"6":{"name":"(anonymous_6)","decl":{"start":{"line":35,"column":24},"end":{"line":35,"column":25}},"loc":{"start":{"line":35,"column":38},"end":{"line":65,"column":3}},"line":35},"7":{"name":"(anonymous_7)","decl":{"start":{"line":60,"column":12},"end":{"line":60,"column":13}},"loc":{"start":{"line":60,"column":24},"end":{"line":60,"column":92}},"line":60},"8":{"name":"(anonymous_8)","decl":{"start":{"line":61,"column":13},"end":{"line":61,"column":14}},"loc":{"start":{"line":61,"column":22},"end":{"line":64,"column":7}},"line":61},"9":{"name":"(anonymous_9)","decl":{"start":{"line":67,"column":26},"end":{"line":67,"column":27}},"loc":{"start":{"line":67,"column":40},"end":{"line":79,"column":3}},"line":67},"10":{"name":"(anonymous_10)","decl":{"start":{"line":71,"column":12},"end":{"line":71,"column":13}},"loc":{"start":{"line":71,"column":24},"end":{"line":74,"column":7}},"line":71},"11":{"name":"(anonymous_11)","decl":{"start":{"line":72,"column":43},"end":{"line":72,"column":44}},"loc":{"start":{"line":72,"column":58},"end":{"line":72,"column":86}},"line":72},"12":{"name":"(anonymous_12)","decl":{"start":{"line":75,"column":13},"end":{"line":75,"column":14}},"loc":{"start":{"line":75,"column":22},"end":{"line":78,"column":7}},"line":75}},"branchMap":{"0":{"loc":{"start":{"line":5,"column":18},"end":{"line":5,"column":38}},"type":"binary-expr","locations":[{"start":{"line":5,"column":18},"end":{"line":5,"column":33}},{"start":{"line":5,"column":37},"end":{"line":5,"column":38}}],"line":5},"1":{"loc":{"start":{"line":6,"column":17},"end":{"line":6,"column":36}},"type":"binary-expr","locations":[{"start":{"line":6,"column":17},"end":{"line":6,"column":31}},{"start":{"line":6,"column":35},"end":{"line":6,"column":36}}],"line":6}},"s":{"0":1,"1":1,"2":3,"3":3,"4":3,"5":3,"6":3,"7":0,"8":0,"9":3,"10":3,"11":3,"12":3,"13":0,"14":0,"15":3,"16":3,"17":3,"18":3,"19":0,"20":0,"21":1,"22":1,"23":1,"24":1,"25":4,"26":1,"27":0,"28":0},"f":{"0":3,"1":3,"2":0,"3":3,"4":3,"5":0,"6":3,"7":3,"8":0,"9":1,"10":1,"11":4,"12":0},"b":{"0":[3,2],"1":[3,2]},"_coverageSchema":"1a1c01bbd47fc00a2c39e90264f33305004495a9","hash":"6f9c0426b4f056808237dc95c8fff5e066fc9947"}
,"/Users/benpak/HackReactor/products-api/server/routes/index.js": {"path":"/Users/benpak/HackReactor/products-api/server/routes/index.js","statementMap":{"0":{"start":{"line":1,"column":15},"end":{"line":1,"column":42}},"1":{"start":{"line":2,"column":19},"end":{"line":2,"column":53}},"2":{"start":{"line":4,"column":0},"end":{"line":4,"column":70}},"3":{"start":{"line":5,"column":0},"end":{"line":5,"column":67}},"4":{"start":{"line":6,"column":0},"end":{"line":6,"column":54}},"5":{"start":{"line":7,"column":0},"end":{"line":7,"column":40}},"6":{"start":{"line":9,"column":0},"end":{"line":9,"column":24}}},"fnMap":{},"branchMap":{},"s":{"0":1,"1":1,"2":1,"3":1,"4":1,"5":1,"6":1},"f":{},"b":{},"_coverageSchema":"1a1c01bbd47fc00a2c39e90264f33305004495a9","hash":"8dd128fad232b935f3bb9bfdd14135379e65b607"}
}
