TN:
SF:server/db.js
FN:15,(anonymous_0)
FNF:1
FNH:1
FNDA:1,(anonymous_0)
DA:1,1
DA:2,1
DA:4,1
DA:15,1
DA:16,1
DA:19,1
DA:20,1
LF:7
LH:7
BRF:0
BRH:0
end_of_record
TN:
SF:server/controllers/products.js
FN:4,(anonymous_0)
FN:9,(anonymous_1)
FN:10,(anonymous_2)
FN:16,(anonymous_3)
FN:28,(anonymous_4)
FN:29,(anonymous_5)
FN:35,(anonymous_6)
FN:60,(anonymous_7)
FN:61,(anonymous_8)
FN:67,(anonymous_9)
FN:71,(anonymous_10)
FN:72,(anonymous_11)
FN:75,(anonymous_12)
FNF:13
FNH:9
FNDA:3,(anonymous_0)
FNDA:3,(anonymous_1)
FNDA:0,(anonymous_2)
FNDA:3,(anonymous_3)
FNDA:3,(anonymous_4)
FNDA:0,(anonymous_5)
FNDA:3,(anonymous_6)
FNDA:3,(anonymous_7)
FNDA:0,(anonymous_8)
FNDA:1,(anonymous_9)
FNDA:1,(anonymous_10)
FNDA:4,(anonymous_11)
FNDA:0,(anonymous_12)
DA:1,1
DA:3,1
DA:5,3
DA:6,3
DA:7,3
DA:8,3
DA:9,3
DA:11,0
DA:12,0
DA:17,3
DA:18,3
DA:27,3
DA:28,3
DA:30,0
DA:31,0
DA:36,3
DA:37,3
DA:59,3
DA:60,3
DA:62,0
DA:63,0
DA:68,1
DA:69,1
DA:70,1
DA:72,4
DA:73,1
DA:76,0
DA:77,0
LF:28
LH:20
BRDA:5,0,0,3
BRDA:5,0,1,2
BRDA:6,1,0,3
BRDA:6,1,1,2
BRF:4
BRH:4
end_of_record
TN:
SF:server/routes/index.js
FNF:0
FNH:0
DA:1,1
DA:2,1
DA:4,1
DA:5,1
DA:6,1
DA:7,1
DA:9,1
LF:7
LH:7
BRF:0
BRH:0
end_of_record
